-encoding
UTF-8
-outxml
-source
1.6
-target
1.6
-classpath
/Users/Greg/.m2/repository/antlr/antlr/2.7.6/antlr-2.7.6.jar:/Users/Greg/.m2/repository/aopalliance/aopalliance/1.0/aopalliance-1.0.jar:/Users/Greg/.m2/repository/cglib/cglib-nodep/2.2.2/cglib-nodep-2.2.2.jar:/Users/Greg/.m2/repository/com/google/code/findbugs/jsr305/1.3.9/jsr305-1.3.9.jar:/Users/Greg/.m2/repository/com/google/code/gson/gson/1.4/gson-1.4.jar:/Users/Greg/.m2/repository/com/metaparadigm/json-rpc/1.0/json-rpc-1.0.jar:/Users/Greg/.m2/repository/commons-beanutils/commons-beanutils/1.8.3/commons-beanutils-1.8.3.jar:/Users/Greg/.m2/repository/commons-codec/commons-codec/1.5/commons-codec-1.5.jar:/Users/Greg/.m2/repository/commons-collections/commons-collections/3.2.1/commons-collections-3.2.1.jar:/Users/Greg/.m2/repository/commons-dbcp/commons-dbcp/1.3/commons-dbcp-1.3.jar:/Users/Greg/.m2/repository/commons-digester/commons-digester/2.1/commons-digester-2.1.jar:/Users/Greg/.m2/repository/commons-fileupload/commons-fileupload/1.2.2/commons-fileupload-1.2.2.jar:/Users/Greg/.m2/repository/commons-io/commons-io/1.3.2/commons-io-1.3.2.jar:/Users/Greg/.m2/repository/commons-pool/commons-pool/1.5.6/commons-pool-1.5.6.jar:/Users/Greg/.m2/repository/dom4j/dom4j/1.6.1/dom4j-1.6.1.jar:/Users/Greg/.m2/repository/javassist/javassist/3.12.0.GA/javassist-3.12.0.GA.jar:/Users/Greg/.m2/repository/javax/annotation/jsr250-api/1.0/jsr250-api-1.0.jar:/Users/Greg/.m2/repository/javax/el/el-api/1.0/el-api-1.0.jar:/Users/Greg/.m2/repository/javax/servlet/servlet-api/2.5/servlet-api-2.5.jar:/Users/Greg/.m2/repository/javax/servlet/jsp/jsp-api/2.1/jsp-api-2.1.jar:/Users/Greg/.m2/repository/javax/servlet/jsp/jstl/jstl-api/1.2/jstl-api-1.2.jar:/Users/Greg/.m2/repository/javax/transaction/jta/1.1/jta-1.1.jar:/Users/Greg/.m2/repository/javax/validation/validation-api/1.0.0.GA/validation-api-1.0.0.GA.jar:/Users/Greg/.m2/repository/joda-time/joda-time/1.6/joda-time-1.6.jar:/Users/Greg/.m2/repository/log4j/log4j/1.2.16/log4j-1.2.16.jar:/Users/Greg/.m2/repository/net/sf/flexjson/flexjson/2.1/flexjson-2.1.jar:/Users/Greg/.m2/repository/org/apache/commons/commons-lang3/3.1/commons-lang3-3.1.jar:/Users/Greg/.m2/repository/org/apache/derby/derby/10.8.2.2/derby-10.8.2.2.jar:/Users/Greg/.m2/repository/org/apache/tiles/tiles-api/2.2.2/tiles-api-2.2.2.jar:/Users/Greg/.m2/repository/org/apache/tiles/tiles-core/2.2.2/tiles-core-2.2.2.jar:/Users/Greg/.m2/repository/org/apache/tiles/tiles-jsp/2.2.2/tiles-jsp-2.2.2.jar:/Users/Greg/.m2/repository/org/apache/tiles/tiles-servlet/2.2.2/tiles-servlet-2.2.2.jar:/Users/Greg/.m2/repository/org/apache/tiles/tiles-template/2.2.2/tiles-template-2.2.2.jar:/Users/Greg/.m2/repository/org/aspectj/aspectjrt/1.7.0.RC1/aspectjrt-1.7.0.RC1.jar:/Users/Greg/.m2/repository/org/aspectj/aspectjweaver/1.7.0.RC1/aspectjweaver-1.7.0.RC1.jar:/Users/Greg/.m2/repository/org/codehaus/jackson/jackson-core-asl/1.9.9/jackson-core-asl-1.9.9.jar:/Users/Greg/.m2/repository/org/codehaus/jackson/jackson-mapper-asl/1.9.9/jackson-mapper-asl-1.9.9.jar:/Users/Greg/.m2/repository/org/glassfish/web/jstl-impl/1.2/jstl-impl-1.2.jar:/Users/Greg/.m2/repository/org/hibernate/hibernate-commons-annotations/3.2.0.Final/hibernate-commons-annotations-3.2.0.Final.jar:/Users/Greg/.m2/repository/org/hibernate/hibernate-core/3.6.9.Final/hibernate-core-3.6.9.Final.jar:/Users/Greg/.m2/repository/org/hibernate/hibernate-entitymanager/3.6.9.Final/hibernate-entitymanager-3.6.9.Final.jar:/Users/Greg/.m2/repository/org/hibernate/hibernate-validator/4.2.0.Final/hibernate-validator-4.2.0.Final.jar:/Users/Greg/.m2/repository/org/hibernate/javax/persistence/hibernate-jpa-2.0-api/1.0.1.Final/hibernate-jpa-2.0-api-1.0.1.Final.jar:/Users/Greg/.m2/repository/org/slf4j/jcl-over-slf4j/1.6.4/jcl-over-slf4j-1.6.4.jar:/Users/Greg/.m2/repository/org/slf4j/slf4j-api/1.6.4/slf4j-api-1.6.4.jar:/Users/Greg/.m2/repository/org/slf4j/slf4j-log4j12/1.6.4/slf4j-log4j12-1.6.4.jar:/Users/Greg/.m2/repository/org/springframework/spring-aop/3.1.1.RELEASE/spring-aop-3.1.1.RELEASE.jar:/Users/Greg/.m2/repository/org/springframework/spring-asm/3.1.1.RELEASE/spring-asm-3.1.1.RELEASE.jar:/Users/Greg/.m2/repository/org/springframework/spring-aspects/3.1.1.RELEASE/spring-aspects-3.1.1.RELEASE.jar:/Users/Greg/.m2/repository/org/springframework/spring-beans/3.1.1.RELEASE/spring-beans-3.1.1.RELEASE.jar:/Users/Greg/.m2/repository/org/springframework/spring-context/3.1.1.RELEASE/spring-context-3.1.1.RELEASE.jar:/Users/Greg/.m2/repository/org/springframework/spring-context-support/3.1.1.RELEASE/spring-context-support-3.1.1.RELEASE.jar:/Users/Greg/.m2/repository/org/springframework/spring-core/3.1.1.RELEASE/spring-core-3.1.1.RELEASE.jar:/Users/Greg/.m2/repository/org/springframework/spring-expression/3.1.1.RELEASE/spring-expression-3.1.1.RELEASE.jar:/Users/Greg/.m2/repository/org/springframework/spring-jdbc/3.1.1.RELEASE/spring-jdbc-3.1.1.RELEASE.jar:/Users/Greg/.m2/repository/org/springframework/spring-orm/3.1.1.RELEASE/spring-orm-3.1.1.RELEASE.jar:/Users/Greg/.m2/repository/org/springframework/spring-tx/3.1.1.RELEASE/spring-tx-3.1.1.RELEASE.jar:/Users/Greg/.m2/repository/org/springframework/spring-web/3.1.1.RELEASE/spring-web-3.1.1.RELEASE.jar:/Users/Greg/.m2/repository/org/springframework/spring-webmvc/3.1.1.RELEASE/spring-webmvc-3.1.1.RELEASE.jar:/Users/Greg/.m2/repository/org/springframework/roo/org.springframework.roo.annotations/1.2.2.RELEASE/org.springframework.roo.annotations-1.2.2.RELEASE.jar:/Users/Greg/.m2/repository/org/springframework/security/spring-security-acl/3.1.0.RELEASE/spring-security-acl-3.1.0.RELEASE.jar:/Users/Greg/.m2/repository/org/springframework/security/spring-security-config/3.1.0.RELEASE/spring-security-config-3.1.0.RELEASE.jar:/Users/Greg/.m2/repository/org/springframework/security/spring-security-core/3.1.0.RELEASE/spring-security-core-3.1.0.RELEASE.jar:/Users/Greg/.m2/repository/org/springframework/security/spring-security-crypto/3.1.0.RELEASE/spring-security-crypto-3.1.0.RELEASE.jar:/Users/Greg/.m2/repository/org/springframework/security/spring-security-taglibs/3.1.0.RELEASE/spring-security-taglibs-3.1.0.RELEASE.jar:/Users/Greg/.m2/repository/org/springframework/security/spring-security-web/3.1.0.RELEASE/spring-security-web-3.1.0.RELEASE.jar:/Users/Greg/.m2/repository/org/springframework/webflow/spring-js-resources/2.2.1.RELEASE/spring-js-resources-2.2.1.RELEASE.jar:/Users/Greg/git/sio/jnetmap2/jnetmap/target/classes
-aspectpath
/Users/Greg/.m2/repository/org/springframework/spring-aspects/3.1.1.RELEASE/spring-aspects-3.1.1.RELEASE.jar
-d
/Users/Greg/git/sio/jnetmap2/jnetmap/target/classes
/Users/Greg/git/sio/jnetmap2/jnetmap/src/main/java/org/sio/jnetmap/web/NetModuleController.java
/Users/Greg/git/sio/jnetmap2/jnetmap/src/main/java/org/sio/jnetmap/domain/Modules_Roo_Json.aj
/Users/Greg/git/sio/jnetmap2/jnetmap/src/main/java/org/sio/jnetmap/domain/Role_Roo_ToString.aj
/Users/Greg/git/sio/jnetmap2/jnetmap/src/main/java/org/sio/jnetmap/web/BuildingController_Roo_Controller.aj
/Users/Greg/git/sio/jnetmap2/jnetmap/src/main/java/org/sio/jnetmap/web/UserController_Roo_Controller.aj
/Users/Greg/git/sio/jnetmap2/jnetmap/src/main/java/org/sio/jnetmap/domain/Port_Roo_Jpa_Entity.aj
/Users/Greg/git/sio/jnetmap2/jnetmap/src/main/java/org/sio/jnetmap/domain/Modules_Roo_Jpa_ActiveRecord.aj
/Users/Greg/git/sio/jnetmap2/jnetmap/src/main/java/org/sio/jnetmap/domain/Band_Roo_ToString.aj
/Users/Greg/git/sio/jnetmap2/jnetmap/src/main/java/org/sio/jnetmap/domain/User_Roo_Configurable.aj
/Users/Greg/git/sio/jnetmap2/jnetmap/src/main/java/org/sio/jnetmap/web/NetSwitchController.java
/Users/Greg/git/sio/jnetmap2/jnetmap/src/main/java/org/sio/jnetmap/domain/Band.java
/Users/Greg/git/sio/jnetmap2/jnetmap/src/main/java/org/sio/jnetmap/domain/Vlan.java
/Users/Greg/git/sio/jnetmap2/jnetmap/src/main/java/org/sio/jnetmap/web/MobileController.java
/Users/Greg/git/sio/jnetmap2/jnetmap/src/main/java/org/sio/jnetmap/domain/Band_Roo_JavaBean.aj
/Users/Greg/git/sio/jnetmap2/jnetmap/src/main/java/org/sio/jnetmap/web/SondeController_Roo_Controller.aj
/Users/Greg/git/sio/jnetmap2/jnetmap/src/main/java/org/sio/jnetmap/domain/Band_Roo_Json.aj
/Users/Greg/git/sio/jnetmap2/jnetmap/src/main/java/org/sio/jnetmap/domain/Switches_Roo_Jpa_Entity.aj
/Users/Greg/git/sio/jnetmap2/jnetmap/src/main/java/org/sio/jnetmap/domain/Probe_Roo_JavaBean.aj
/Users/Greg/git/sio/jnetmap2/jnetmap/src/main/java/org/sio/jnetmap/domain/Band_Roo_Configurable.aj
/Users/Greg/git/sio/jnetmap2/jnetmap/src/main/java/org/sio/jnetmap/domain/Role_Roo_JavaBean.aj
/Users/Greg/git/sio/jnetmap2/jnetmap/src/main/java/org/sio/jnetmap/web/DispatcherController_Roo_Controller.aj
/Users/Greg/git/sio/jnetmap2/jnetmap/src/main/java/org/sio/jnetmap/web/ModulesController.java
/Users/Greg/git/sio/jnetmap2/jnetmap/src/main/java/org/sio/jnetmap/web/BuildingController.java
/Users/Greg/git/sio/jnetmap2/jnetmap/src/main/java/org/sio/jnetmap/domain/Vlan_Roo_Configurable.aj
/Users/Greg/git/sio/jnetmap2/jnetmap/src/main/java/org/sio/jnetmap/domain/Role.java
/Users/Greg/git/sio/jnetmap2/jnetmap/src/main/java/org/sio/jnetmap/domain/Role_Roo_Jpa_Entity.aj
/Users/Greg/git/sio/jnetmap2/jnetmap/src/main/java/org/sio/jnetmap/domain/custom/RoomDetailsCustom.java
/Users/Greg/git/sio/jnetmap2/jnetmap/src/main/java/org/sio/jnetmap/domain/Band_Roo_Jpa_Entity.aj
/Users/Greg/git/sio/jnetmap2/jnetmap/src/main/java/org/sio/jnetmap/domain/ProbeController_Roo_Controller.aj
/Users/Greg/git/sio/jnetmap2/jnetmap/src/main/java/org/sio/jnetmap/domain/Port.java
/Users/Greg/git/sio/jnetmap2/jnetmap/src/main/java/org/sio/jnetmap/domain/Switches_Roo_JavaBean.aj
/Users/Greg/git/sio/jnetmap2/jnetmap/src/main/java/org/sio/jnetmap/web/SondeController.java
/Users/Greg/git/sio/jnetmap2/jnetmap/src/main/java/org/sio/jnetmap/domain/Port_Roo_Jpa_ActiveRecord.aj
/Users/Greg/git/sio/jnetmap2/jnetmap/src/main/java/org/sio/jnetmap/web/RoleController.java
/Users/Greg/git/sio/jnetmap2/jnetmap/src/main/java/org/sio/jnetmap/domain/Building.java
/Users/Greg/git/sio/jnetmap2/jnetmap/src/main/java/org/sio/jnetmap/web/OutletController.java
/Users/Greg/git/sio/jnetmap2/jnetmap/src/main/java/org/sio/jnetmap/web/VlanController_Roo_Controller.aj
/Users/Greg/git/sio/jnetmap2/jnetmap/src/main/java/org/sio/jnetmap/domain/Outlet_Roo_Json.aj
/Users/Greg/git/sio/jnetmap2/jnetmap/src/main/java/org/sio/jnetmap/web/RoleController_Roo_Controller.aj
/Users/Greg/git/sio/jnetmap2/jnetmap/src/main/java/org/sio/jnetmap/domain/Dispatcher_Roo_JavaBean.aj
/Users/Greg/git/sio/jnetmap2/jnetmap/src/main/java/org/sio/jnetmap/domain/Modules_Roo_JavaBean.aj
/Users/Greg/git/sio/jnetmap2/jnetmap/src/main/java/org/sio/jnetmap/domain/Probe_Roo_Jpa_Entity.aj
/Users/Greg/git/sio/jnetmap2/jnetmap/src/main/java/org/sio/jnetmap/domain/Room_Roo_Jpa_ActiveRecord.aj
/Users/Greg/git/sio/jnetmap2/jnetmap/src/main/java/org/sio/jnetmap/domain/Vlan_Roo_Jpa_ActiveRecord.aj
/Users/Greg/git/sio/jnetmap2/jnetmap/src/main/java/org/sio/jnetmap/web/PortController_Roo_Controller.aj
/Users/Greg/git/sio/jnetmap2/jnetmap/src/main/java/org/sio/jnetmap/domain/Outlet_Roo_Configurable.aj
/Users/Greg/git/sio/jnetmap2/jnetmap/src/main/java/org/sio/jnetmap/domain/User_Roo_Jpa_Entity.aj
/Users/Greg/git/sio/jnetmap2/jnetmap/src/main/java/org/sio/jnetmap/domain/Dispatcher_Roo_ToString.aj
/Users/Greg/git/sio/jnetmap2/jnetmap/src/main/java/org/sio/jnetmap/web/VlanController.java
/Users/Greg/git/sio/jnetmap2/jnetmap/src/main/java/org/sio/jnetmap/domain/AdvancedSearch.java
/Users/Greg/git/sio/jnetmap2/jnetmap/src/main/java/org/sio/jnetmap/domain/Switches_Roo_Jpa_ActiveRecord.aj
/Users/Greg/git/sio/jnetmap2/jnetmap/src/main/java/org/sio/jnetmap/domain/Dispatcher.java
/Users/Greg/git/sio/jnetmap2/jnetmap/src/main/java/org/sio/jnetmap/web/SwitchesController.java
/Users/Greg/git/sio/jnetmap2/jnetmap/src/main/java/org/sio/jnetmap/domain/Probe.java
/Users/Greg/git/sio/jnetmap2/jnetmap/src/main/java/org/sio/jnetmap/domain/Port_Roo_ToString.aj
/Users/Greg/git/sio/jnetmap2/jnetmap/src/main/java/org/sio/jnetmap/domain/Switches.java
/Users/Greg/git/sio/jnetmap2/jnetmap/src/main/java/org/sio/jnetmap/web/ApplicationConversionServiceFactoryBean_Roo_ConversionService.aj
/Users/Greg/git/sio/jnetmap2/jnetmap/src/main/java/org/sio/jnetmap/domain/Switches_Roo_Json.aj
/Users/Greg/git/sio/jnetmap2/jnetmap/src/main/java/org/sio/jnetmap/web/BandController.java
/Users/Greg/git/sio/jnetmap2/jnetmap/src/main/java/org/sio/jnetmap/domain/Role_Roo_Configurable.aj
/Users/Greg/git/sio/jnetmap2/jnetmap/src/main/java/org/sio/jnetmap/domain/Probe_Roo_ToString.aj
/Users/Greg/git/sio/jnetmap2/jnetmap/src/main/java/org/sio/jnetmap/web/BandController_Roo_Controller.aj
/Users/Greg/git/sio/jnetmap2/jnetmap/src/main/java/org/sio/jnetmap/domain/Port_Roo_Configurable.aj
/Users/Greg/git/sio/jnetmap2/jnetmap/src/main/java/org/sio/jnetmap/domain/ProbeController.java
/Users/Greg/git/sio/jnetmap2/jnetmap/src/main/java/org/sio/jnetmap/web/AdminController.java
/Users/Greg/git/sio/jnetmap2/jnetmap/src/main/java/org/sio/jnetmap/domain/Room_Roo_Configurable.aj
/Users/Greg/git/sio/jnetmap2/jnetmap/src/main/java/org/sio/jnetmap/domain/Room_Roo_Json.aj
/Users/Greg/git/sio/jnetmap2/jnetmap/src/main/java/org/sio/jnetmap/domain/Probe_Roo_Configurable.aj
/Users/Greg/git/sio/jnetmap2/jnetmap/src/main/java/org/sio/jnetmap/domain/Port_Roo_JavaBean.aj
/Users/Greg/git/sio/jnetmap2/jnetmap/src/main/java/org/sio/jnetmap/domain/Dispatcher_Roo_Configurable.aj
/Users/Greg/git/sio/jnetmap2/jnetmap/src/main/java/org/sio/jnetmap/domain/Switches_Roo_Configurable.aj
/Users/Greg/git/sio/jnetmap2/jnetmap/src/main/java/org/sio/jnetmap/domain/Modules_Roo_ToString.aj
/Users/Greg/git/sio/jnetmap2/jnetmap/src/main/java/org/sio/jnetmap/domain/Port_Roo_Json.aj
/Users/Greg/git/sio/jnetmap2/jnetmap/src/main/java/org/sio/jnetmap/web/PortController.java
/Users/Greg/git/sio/jnetmap2/jnetmap/src/main/java/org/sio/jnetmap/web/OutletController_Roo_Controller.aj
/Users/Greg/git/sio/jnetmap2/jnetmap/src/main/java/org/sio/jnetmap/domain/Role_Roo_Json.aj
/Users/Greg/git/sio/jnetmap2/jnetmap/src/main/java/org/sio/jnetmap/domain/Vlan_Roo_JavaBean.aj
/Users/Greg/git/sio/jnetmap2/jnetmap/src/main/java/org/sio/jnetmap/domain/Vlan_Roo_Json.aj
/Users/Greg/git/sio/jnetmap2/jnetmap/src/main/java/org/sio/jnetmap/domain/Building_Roo_JavaBean.aj
/Users/Greg/git/sio/jnetmap2/jnetmap/src/main/java/org/sio/jnetmap/domain/Room_Roo_JavaBean.aj
/Users/Greg/git/sio/jnetmap2/jnetmap/src/main/java/org/sio/jnetmap/domain/AdvancedSearch_Roo_Json.aj
/Users/Greg/git/sio/jnetmap2/jnetmap/src/main/java/org/sio/jnetmap/domain/User.java
/Users/Greg/git/sio/jnetmap2/jnetmap/src/main/java/org/sio/jnetmap/domain/Probe_Roo_Jpa_ActiveRecord.aj
/Users/Greg/git/sio/jnetmap2/jnetmap/src/main/java/org/sio/jnetmap/domain/Switches_Roo_ToString.aj
/Users/Greg/git/sio/jnetmap2/jnetmap/src/main/java/org/sio/jnetmap/domain/Modules.java
/Users/Greg/git/sio/jnetmap2/jnetmap/src/main/java/org/sio/jnetmap/domain/Outlet.java
/Users/Greg/git/sio/jnetmap2/jnetmap/src/main/java/org/sio/jnetmap/domain/Probe_Roo_Json.aj
/Users/Greg/git/sio/jnetmap2/jnetmap/src/main/java/org/sio/jnetmap/domain/Room.java
/Users/Greg/git/sio/jnetmap2/jnetmap/src/main/java/org/sio/jnetmap/web/ApplicationConversionServiceFactoryBean.java
/Users/Greg/git/sio/jnetmap2/jnetmap/src/main/java/org/sio/jnetmap/domain/Vlan_Roo_Jpa_Entity.aj
/Users/Greg/git/sio/jnetmap2/jnetmap/src/main/java/org/sio/jnetmap/domain/User_Roo_ToString.aj
/Users/Greg/git/sio/jnetmap2/jnetmap/src/main/java/org/sio/jnetmap/web/NetSwitchController_Roo_Controller.aj
/Users/Greg/git/sio/jnetmap2/jnetmap/src/main/java/org/sio/jnetmap/web/ModulesController_Roo_Controller.aj
/Users/Greg/git/sio/jnetmap2/jnetmap/src/main/java/org/sio/jnetmap/domain/Building_Roo_Json.aj
/Users/Greg/git/sio/jnetmap2/jnetmap/src/main/java/org/sio/jnetmap/domain/Room_Roo_Jpa_Entity.aj
/Users/Greg/git/sio/jnetmap2/jnetmap/src/main/java/org/sio/jnetmap/domain/Building_Roo_Configurable.aj
/Users/Greg/git/sio/jnetmap2/jnetmap/src/main/java/org/sio/jnetmap/domain/Role_Roo_Jpa_ActiveRecord.aj
/Users/Greg/git/sio/jnetmap2/jnetmap/src/main/java/org/sio/jnetmap/domain/Building_Roo_Jpa_Entity.aj
/Users/Greg/git/sio/jnetmap2/jnetmap/src/main/java/org/sio/jnetmap/domain/User_Roo_Jpa_ActiveRecord.aj
/Users/Greg/git/sio/jnetmap2/jnetmap/src/main/java/org/sio/jnetmap/web/DispatcherController.java
/Users/Greg/git/sio/jnetmap2/jnetmap/src/main/java/org/sio/jnetmap/web/SwitchesController_Roo_Controller.aj
/Users/Greg/git/sio/jnetmap2/jnetmap/src/main/java/org/sio/jnetmap/domain/Building_Roo_Jpa_ActiveRecord.aj
/Users/Greg/git/sio/jnetmap2/jnetmap/src/main/java/org/sio/jnetmap/MobileInterceptor.java
/Users/Greg/git/sio/jnetmap2/jnetmap/src/main/java/org/sio/jnetmap/domain/Outlet_Roo_Jpa_Entity.aj
/Users/Greg/git/sio/jnetmap2/jnetmap/src/main/java/org/sio/jnetmap/web/UserController.java
/Users/Greg/git/sio/jnetmap2/jnetmap/src/main/java/org/sio/jnetmap/web/NetModuleController_Roo_Controller.aj
/Users/Greg/git/sio/jnetmap2/jnetmap/src/main/java/org/sio/jnetmap/domain/Modules_Roo_Configurable.aj
/Users/Greg/git/sio/jnetmap2/jnetmap/src/main/java/org/sio/jnetmap/web/SearchController.java
/Users/Greg/git/sio/jnetmap2/jnetmap/src/main/java/org/sio/jnetmap/domain/Dispatcher_Roo_Json.aj
/Users/Greg/git/sio/jnetmap2/jnetmap/src/main/java/org/sio/jnetmap/domain/Outlet_Roo_JavaBean.aj
/Users/Greg/git/sio/jnetmap2/jnetmap/src/main/java/org/sio/jnetmap/domain/Dispatcher_Roo_Jpa_ActiveRecord.aj
/Users/Greg/git/sio/jnetmap2/jnetmap/src/main/java/org/sio/jnetmap/domain/Outlet_Roo_Jpa_ActiveRecord.aj
/Users/Greg/git/sio/jnetmap2/jnetmap/src/main/java/org/sio/jnetmap/domain/Modules_Roo_Jpa_Entity.aj
/Users/Greg/git/sio/jnetmap2/jnetmap/src/main/java/org/sio/jnetmap/domain/Building_Roo_ToString.aj
/Users/Greg/git/sio/jnetmap2/jnetmap/src/main/java/org/sio/jnetmap/domain/Dispatcher_Roo_Jpa_Entity.aj
/Users/Greg/git/sio/jnetmap2/jnetmap/src/main/java/org/sio/jnetmap/web/RoomController.java
/Users/Greg/git/sio/jnetmap2/jnetmap/src/main/java/org/sio/jnetmap/domain/Outlet_Roo_ToString.aj
/Users/Greg/git/sio/jnetmap2/jnetmap/src/main/java/org/sio/jnetmap/domain/Room_Roo_ToString.aj
/Users/Greg/git/sio/jnetmap2/jnetmap/src/main/java/org/sio/jnetmap/web/RoomController_Roo_Controller.aj
/Users/Greg/git/sio/jnetmap2/jnetmap/src/main/java/org/sio/jnetmap/domain/User_Roo_JavaBean.aj
/Users/Greg/git/sio/jnetmap2/jnetmap/src/main/java/org/sio/jnetmap/domain/Band_Roo_Jpa_ActiveRecord.aj
/Users/Greg/git/sio/jnetmap2/jnetmap/src/main/java/org/sio/jnetmap/domain/Vlan_Roo_ToString.aj
